[debug] [2018-10-17T12:27:38.969Z] ----------------------------------------------------------------------
[debug] [2018-10-17T12:27:38.971Z] Command:       /usr/local/bin/node /usr/local/bin/firebase deploy
[debug] [2018-10-17T12:27:38.971Z] CLI Version:   4.2.1
[debug] [2018-10-17T12:27:38.971Z] Platform:      darwin
[debug] [2018-10-17T12:27:38.971Z] Node Version:  v10.6.0
[debug] [2018-10-17T12:27:38.972Z] Time:          Wed Oct 17 2018 19:27:38 GMT+0700 (Indochina Time)
[debug] [2018-10-17T12:27:38.972Z] ----------------------------------------------------------------------
[debug] 
[debug] [2018-10-17T12:27:38.982Z] > command requires scopes: ["email","openid","https://www.googleapis.com/auth/cloudplatformprojects.readonly","https://www.googleapis.com/auth/firebase","https://www.googleapis.com/auth/cloud-platform"]
[debug] [2018-10-17T12:27:38.983Z] > authorizing via signed-in user
[debug] [2018-10-17T12:27:38.985Z] >>> HTTP REQUEST GET https://admin.firebase.com/v1/projects/aptech-reactnative-firebase  
 
[debug] [2018-10-17T12:27:40.675Z] <<< HTTP RESPONSE 200
[info] 
[info] === Deploying to 'aptech-reactnative-firebase'...
[info] 
[info] i  deploying functions
[debug] [2018-10-17T12:27:57.340Z] > [functions] package.json contents: {
  "name": "functions",
  "description": "Cloud Functions for Firebase",
  "scripts": {
    "serve": "firebase serve --only functions",
    "shell": "firebase functions:shell",
    "start": "npm run shell",
    "deploy": "firebase deploy --only functions",
    "logs": "firebase functions:log"
  },
  "dependencies": {
    "firebase-admin": "~6.0.0",
    "firebase-functions": "^2.0.3"
  },
  "private": true
}
[info] i  functions: ensuring necessary APIs are enabled...
[debug] [2018-10-17T12:27:57.341Z] >>> HTTP REQUEST GET https://servicemanagement.googleapis.com/v1/services/cloudfunctions.googleapis.com/projectSettings/aptech-reactnative-firebase?view=CONSUMER_VIEW  
 
[debug] [2018-10-17T12:27:57.342Z] >>> HTTP REQUEST GET https://servicemanagement.googleapis.com/v1/services/runtimeconfig.googleapis.com/projectSettings/aptech-reactnative-firebase?view=CONSUMER_VIEW  
 
[debug] [2018-10-17T12:28:44.374Z] Error: Client network socket disconnected before secure TLS connection was established
    at TLSSocket.onConnectEnd (_tls_wrap.js:1085:19)
    at Object.onceWrapper (events.js:273:13)
    at TLSSocket.emit (events.js:187:15)
    at TLSSocket.EventEmitter.emit (domain.js:442:20)
    at endReadableNT (_stream_readable.js:1081:12)
    at process._tickCallback (internal/process/next_tick.js:63:19)
[error] 
[error] Error: Server Error. Client network socket disconnected before secure TLS connection was established
[debug] [2018-10-17T12:28:49.811Z] ----------------------------------------------------------------------
[debug] [2018-10-17T12:28:49.813Z] Command:       /usr/local/bin/node /usr/local/bin/firebase deploy
[debug] [2018-10-17T12:28:49.813Z] CLI Version:   4.2.1
[debug] [2018-10-17T12:28:49.813Z] Platform:      darwin
[debug] [2018-10-17T12:28:49.813Z] Node Version:  v10.6.0
[debug] [2018-10-17T12:28:49.814Z] Time:          Wed Oct 17 2018 19:28:49 GMT+0700 (Indochina Time)
[debug] [2018-10-17T12:28:49.814Z] ----------------------------------------------------------------------
[debug] 
[debug] [2018-10-17T12:28:49.826Z] > command requires scopes: ["email","openid","https://www.googleapis.com/auth/cloudplatformprojects.readonly","https://www.googleapis.com/auth/firebase","https://www.googleapis.com/auth/cloud-platform"]
[debug] [2018-10-17T12:28:49.827Z] > authorizing via signed-in user
[debug] [2018-10-17T12:28:49.829Z] >>> HTTP REQUEST GET https://admin.firebase.com/v1/projects/aptech-reactnative-firebase  
 
[debug] [2018-10-17T12:29:23.672Z] <<< HTTP RESPONSE 200
[info] 
[info] === Deploying to 'aptech-reactnative-firebase'...
[info] 
[info] i  deploying functions
[debug] [2018-10-17T12:29:28.605Z] > [functions] package.json contents: {
  "name": "functions",
  "description": "Cloud Functions for Firebase",
  "scripts": {
    "serve": "firebase serve --only functions",
    "shell": "firebase functions:shell",
    "start": "npm run shell",
    "deploy": "firebase deploy --only functions",
    "logs": "firebase functions:log"
  },
  "dependencies": {
    "firebase-admin": "~6.0.0",
    "firebase-functions": "^2.0.3"
  },
  "private": true
}
[info] i  functions: ensuring necessary APIs are enabled...
[debug] [2018-10-17T12:29:28.606Z] >>> HTTP REQUEST GET https://servicemanagement.googleapis.com/v1/services/cloudfunctions.googleapis.com/projectSettings/aptech-reactnative-firebase?view=CONSUMER_VIEW  
 
[debug] [2018-10-17T12:29:28.607Z] >>> HTTP REQUEST GET https://servicemanagement.googleapis.com/v1/services/runtimeconfig.googleapis.com/projectSettings/aptech-reactnative-firebase?view=CONSUMER_VIEW  
 
[debug] [2018-10-17T12:29:33.084Z] <<< HTTP RESPONSE 200
[debug] [2018-10-17T12:29:34.383Z] <<< HTTP RESPONSE 200
[info] ✔  functions: all necessary APIs are enabled
[debug] [2018-10-17T12:29:34.384Z] >>> HTTP REQUEST GET https://cloudresourcemanager.googleapis.com/v1/projects/aptech-reactnative-firebase  
 
[debug] [2018-10-17T12:29:36.521Z] <<< HTTP RESPONSE 200
[debug] [2018-10-17T12:29:36.522Z] >>> HTTP REQUEST GET https://mobilesdk-pa.googleapis.com/v1/projects/595684650138:getServerAppConfig  
 
[debug] [2018-10-17T12:29:41.195Z] <<< HTTP RESPONSE 200
[info] i  functions: preparing functions directory for uploading...
[info] i  functions: packaged functions (42.13 KB) for uploading
[debug] [2018-10-17T12:29:41.611Z] >>> HTTP REQUEST POST https://cloudfunctions.googleapis.com/v1/projects/aptech-reactnative-firebase/locations/us-central1/functions:generateUploadUrl  
 
[debug] [2018-10-17T12:29:44.866Z] <<< HTTP RESPONSE 200
[debug] [2018-10-17T12:29:44.867Z] >>> HTTP REQUEST PUT https://storage.googleapis.com/gcf-upload-us-central1-4bcb868c-cf60-4853-83b2-29d17d719cb5/83156495-668e-4407-8d94-36d842f69e31.zip?GoogleAccessId=service-595684650138@gcf-admin-robot.iam.gserviceaccount.com&Expires=1539781184&Signature=BSGJ7Hyyz%2BEXmnCBnqpaxf5y%2F7NxNOFedLciutS9ENmTO3fxWD7CxeDZ3puRJbeBWJ5mUW3tJN45i8e0ZKPx%2B5ekZvC3g8SidJ6pQIuW15%2Fymcbm0pkJc13nUgAIqs5gz1Duw%2BtbfxjzY%2BLnz1P%2F5p2ZfZQsJufxxsIeJWRa%2BAFZEqQBe4OR%2F5Gnx9eNmKEI0zvRI2VtwmT2j9eJOXUMr%2FOdTZcLuRDOg9DQ0Q3Bbv1lhPXiV9bYUnp07S9joha5nEgbA5%2FWiVbwNzHMMfml0WETeHNsr3bMfLWEOFkJeZhqzMm5%2B9aYUS4%2BbrHFb4A9%2BoCaXm1tZTQiVEmcTsTF2A%3D%3D  

[debug] [2018-10-17T12:29:50.742Z] <<< HTTP RESPONSE 200
[info] ✔  functions: functions folder uploaded successfully
[debug] [2018-10-17T12:29:50.744Z] >>> HTTP REQUEST GET https://cloudfunctions.googleapis.com/v1/projects/aptech-reactnative-firebase/locations/-/functions  
 
[debug] [2018-10-17T12:34:04.676Z] ----------------------------------------------------------------------
[debug] [2018-10-17T12:34:04.679Z] Command:       /usr/local/bin/node /usr/local/bin/firebase deploy
[debug] [2018-10-17T12:34:04.679Z] CLI Version:   4.2.1
[debug] [2018-10-17T12:34:04.679Z] Platform:      darwin
[debug] [2018-10-17T12:34:04.679Z] Node Version:  v10.6.0
[debug] [2018-10-17T12:34:04.680Z] Time:          Wed Oct 17 2018 19:34:04 GMT+0700 (Indochina Time)
[debug] [2018-10-17T12:34:04.680Z] ----------------------------------------------------------------------
[debug] 
[debug] [2018-10-17T12:34:04.693Z] > command requires scopes: ["email","openid","https://www.googleapis.com/auth/cloudplatformprojects.readonly","https://www.googleapis.com/auth/firebase","https://www.googleapis.com/auth/cloud-platform"]
[debug] [2018-10-17T12:34:04.693Z] > authorizing via signed-in user
[debug] [2018-10-17T12:34:04.695Z] >>> HTTP REQUEST GET https://admin.firebase.com/v1/projects/aptech-reactnative-firebase  
 
